c:\users\chris\source\repos\jpegautorotatorshellextension\jpegautorotatorext\debug\jpegautorotatorext.pch
c:\users\chris\source\repos\jpegautorotatorshellextension\jpegautorotatorext\debug\vc140.pdb
c:\users\chris\source\repos\jpegautorotatorshellextension\jpegautorotatorext\debug\vc140.idb
c:\users\chris\source\repos\jpegautorotatorshellextension\jpegautorotatorext\debug\stdafx.obj
c:\users\chris\source\repos\jpegautorotatorshellextension\jpegautorotatorext\debug\dllmain.obj
c:\users\chris\source\repos\jpegautorotatorshellextension\debug\jpegautorotatorext.lib
c:\users\chris\source\repos\jpegautorotatorshellextension\debug\jpegautorotatorext.exp
c:\users\chris\source\repos\jpegautorotatorshellextension\debug\jpegautorotatorext.ilk
c:\users\chris\source\repos\jpegautorotatorshellextension\debug\jpegautorotatorext.dll
c:\users\chris\source\repos\jpegautorotatorshellextension\debug\jpegautorotatorext.pdb
c:\users\chris\source\repos\jpegautorotatorshellextension\jpegautorotatorext\debug\jpegautorotatorext.res
c:\users\chris\source\repos\jpegautorotatorshellextension\jpegautorotatorext\debug\jpegauto.22505c25.tlog\cl.command.1.tlog
c:\users\chris\source\repos\jpegautorotatorshellextension\jpegautorotatorext\debug\jpegauto.22505c25.tlog\cl.read.1.tlog
c:\users\chris\source\repos\jpegautorotatorshellextension\jpegautorotatorext\debug\jpegauto.22505c25.tlog\cl.write.1.tlog
c:\users\chris\source\repos\jpegautorotatorshellextension\jpegautorotatorext\debug\jpegauto.22505c25.tlog\jpegautorotatorext.write.1u.tlog
c:\users\chris\source\repos\jpegautorotatorshellextension\jpegautorotatorext\debug\jpegauto.22505c25.tlog\link.command.1.tlog
c:\users\chris\source\repos\jpegautorotatorshellextension\jpegautorotatorext\debug\jpegauto.22505c25.tlog\link.read.1.tlog
c:\users\chris\source\repos\jpegautorotatorshellextension\jpegautorotatorext\debug\jpegauto.22505c25.tlog\link.write.1.tlog
c:\users\chris\source\repos\jpegautorotatorshellextension\jpegautorotatorext\debug\jpegauto.22505c25.tlog\rc.command.1.tlog
c:\users\chris\source\repos\jpegautorotatorshellextension\jpegautorotatorext\debug\jpegauto.22505c25.tlog\rc.read.1.tlog
c:\users\chris\source\repos\jpegautorotatorshellextension\jpegautorotatorext\debug\jpegauto.22505c25.tlog\rc.write.1.tlog
